<?xml version="1.0" encoding="UTF-8"?><testsuites failures="25" name="dependency-check" tests="10"><testsuite failures="0" errors="0" time="0" id="0" name="/src/OWASP-10-A03-Injection-II/InsecureDataLayerImplementation/owasp10.A03.interactors/owasp10.A03.business.csproj" package="AutoMapper:14.0.0" skipped="0" tests="1" timestamp="2025-09-14T11:22:43.999824426"><testcase classname="dependency-check" name="AutoMapper:14.0.0"/></testsuite><testsuite failures="0" errors="0" time="0" id="1" name="/src/OWASP-10-A03-Injection-II/InsecureDataLayerImplementation/owasp10.A03.api/owasp10.A03.api.csproj" package="Microsoft.AspNetCore.Mvc.Abstractions:2.3.0" skipped="0" tests="1" timestamp="2025-09-14T11:22:43.999824426"><testcase classname="dependency-check" name="Microsoft.AspNetCore.Mvc.Abstractions:2.3.0"/></testsuite><testsuite failures="0" errors="0" time="0" id="2" name="/src/OWASP-10-A03-Injection-II/InsecureDataLayerImplementation/owasp10.A03.api/owasp10.A03.api.csproj" package="Microsoft.AspNetCore.Mvc.Core:2.3.0" skipped="0" tests="1" timestamp="2025-09-14T11:22:43.999824426"><testcase classname="dependency-check" name="Microsoft.AspNetCore.Mvc.Core:2.3.0"/></testsuite><testsuite failures="0" errors="0" time="0" id="3" name="/src/OWASP-10-A03-Injection-II/InsecureDataLayerImplementation/owasp10.A03.host/owasp10.A03.host.csproj" package="Microsoft.AspNetCore.OpenApi:9.0.4" skipped="0" tests="1" timestamp="2025-09-14T11:22:43.999824426"><testcase classname="dependency-check" name="Microsoft.AspNetCore.OpenApi:9.0.4"/></testsuite><testsuite failures="0" errors="0" time="0" id="4" name="/src/OWASP-10-A03-Injection-II/InsecureDataLayerImplementation/owasp10.A03.interactors/owasp10.A03.business.csproj" package="Microsoft.Extensions.DependencyInjection.Abstractions:9.0.5" skipped="0" tests="1" timestamp="2025-09-14T11:22:43.999824426"><testcase classname="dependency-check" name="Microsoft.Extensions.DependencyInjection.Abstractions:9.0.5"/></testsuite><testsuite failures="0" errors="0" time="0" id="5" name="/src/OWASP-10-A03-Injection-II/InsecureDataLayerImplementation/owasp10.A03.interactors/owasp10.A03.business.csproj" package="Scrutor:6.0.1" skipped="0" tests="1" timestamp="2025-09-14T11:22:43.999824426"><testcase classname="dependency-check" name="Scrutor:6.0.1"/></testsuite><testsuite failures="0" errors="0" time="0" id="6" name="/src/OWASP-10-A03-Injection-II/InsecureDataLayerImplementation/owasp10.A03.api/owasp10.A03.api.csproj" package="owasp10.A03.api.csproj" skipped="0" tests="1" timestamp="2025-09-14T11:22:43.999824426"><testcase classname="dependency-check" name="owasp10.A03.api.csproj"/></testsuite><testsuite failures="0" errors="0" time="0" id="7" name="/src/OWASP-10-A03-Injection-II/InsecureDataLayerImplementation/owasp10.A03.interactors/owasp10.A03.business.csproj" package="owasp10.A03.business.csproj" skipped="0" tests="1" timestamp="2025-09-14T11:22:43.999824426"><testcase classname="dependency-check" name="owasp10.A03.business.csproj"/></testsuite><testsuite failures="0" errors="0" time="0" id="8" name="/src/OWASP-10-A03-Injection-II/InsecureDataLayerImplementation/owasp10.A03.data.access/owasp10.A03.data.access.csproj" package="owasp10.A03.data.access.csproj" skipped="0" tests="1" timestamp="2025-09-14T11:22:43.999824426"><testcase classname="dependency-check" name="owasp10.A03.data.access.csproj"/></testsuite><testsuite failures="0" errors="0" time="0" id="9" name="/src/OWASP-10-A03-Injection-II/InsecureDataLayerImplementation/owasp10.A03.host/owasp10.A03.host.csproj" package="owasp10.A03.host.csproj" skipped="0" tests="1" timestamp="2025-09-14T11:22:43.999824426"><testcase classname="dependency-check" name="owasp10.A03.host.csproj"/></testsuite><testsuite failures="25" errors="0" time="0" id="10" name="/src/OWASP-10-A03-Injection-II/InsecureDataLayerImplementation/owasp10.A03.data.access/owasp10.A03.data.access.csproj" package="sqlite-net-pcl:1.9.172" skipped="0" tests="25" timestamp="2025-09-14T11:22:43.999824426"><testcase classname="CVE-2017-10989" name="pkg:nuget/sqlite-net-pcl@1.9.172"><failure message="cvssV3: CRITICAL, score: 9.8 (CVSS:3.0/AV:N/AC:L/PR:N/UI:N/S:U/C:H/I:H/A:H/E:3.9/RC:R/MAV:A)"/><system-out>The getNodeSize function in ext/rtree/rtree.c in SQLite through 3.19.3, as used in GDAL and other products, mishandles undersized RTree blobs in a crafted database, leading to a heap-based buffer over-read or possibly unspecified other impact.</system-out><system-err>location: /src/OWASP-10-A03-Injection-II/InsecureDataLayerImplementation/owasp10.A03.data.access/owasp10.A03.data.access.csproj, project-references: [  ]</system-err></testcase><testcase classname="CVE-2019-19646" name="pkg:nuget/sqlite-net-pcl@1.9.172"><failure message="cvssV3: CRITICAL, score: 9.8 (CVSS:3.1/AV:N/AC:L/PR:N/UI:N/S:U/C:H/I:H/A:H/E:3.9/RC:R/MAV:A)"/><system-out>pragma.c in SQLite through 3.30.1 mishandles NOT NULL in an integrity_check PRAGMA command in certain cases of generated columns.</system-out><system-err>location: /src/OWASP-10-A03-Injection-II/InsecureDataLayerImplementation/owasp10.A03.data.access/owasp10.A03.data.access.csproj, project-references: [  ]</system-err></testcase><testcase classname="CVE-2020-11656" name="pkg:nuget/sqlite-net-pcl@1.9.172"><failure message="cvssV3: CRITICAL, score: 9.8 (CVSS:3.1/AV:N/AC:L/PR:N/UI:N/S:U/C:H/I:H/A:H/E:3.9/RC:R/MAV:A)"/><system-out>In SQLite through 3.31.1, the ALTER TABLE implementation has a use-after-free, as demonstrated by an ORDER BY clause that belongs to a compound SELECT statement.</system-out><system-err>location: /src/OWASP-10-A03-Injection-II/InsecureDataLayerImplementation/owasp10.A03.data.access/owasp10.A03.data.access.csproj, project-references: [  ]</system-err></testcase><testcase classname="CVE-2015-5895" name="pkg:nuget/sqlite-net-pcl@1.9.172"><failure message="cvssV2: HIGH, score: 10.0 (/AV:N/AC:L/Au:N/C:C/I:C/A:C)"/><system-out>Multiple unspecified vulnerabilities in SQLite before 3.8.10.2, as used in Apple iOS before 9, have unknown impact and attack vectors.</system-out><system-err>location: /src/OWASP-10-A03-Injection-II/InsecureDataLayerImplementation/owasp10.A03.data.access/owasp10.A03.data.access.csproj, project-references: [  ]</system-err></testcase><testcase classname="CVE-2018-20346" name="pkg:nuget/sqlite-net-pcl@1.9.172"><failure message="cvssV3: HIGH, score: 8.1 (CVSS:3.0/AV:N/AC:H/PR:N/UI:N/S:U/C:H/I:H/A:H/E:2.2/RC:R/MAV:A)"/><system-out>SQLite before 3.25.3, when the FTS3 extension is enabled, encounters an integer overflow (and resultant buffer overflow) for FTS3 queries that occur after crafted changes to FTS3 shadow tables, allowing remote attackers to execute arbitrary code by leveraging the ability to run arbitrary SQL statements (such as in certain WebSQL use cases), aka Magellan.</system-out><system-err>location: /src/OWASP-10-A03-Injection-II/InsecureDataLayerImplementation/owasp10.A03.data.access/owasp10.A03.data.access.csproj, project-references: [  ]</system-err></testcase><testcase classname="CVE-2018-20506" name="pkg:nuget/sqlite-net-pcl@1.9.172"><failure message="cvssV3: HIGH, score: 8.1 (CVSS:3.0/AV:N/AC:H/PR:N/UI:N/S:U/C:H/I:H/A:H/E:2.2/RC:R/MAV:A)"/><system-out>SQLite before 3.25.3, when the FTS3 extension is enabled, encounters an integer overflow (and resultant buffer overflow) for FTS3 queries in a &quot;merge&quot; operation that occurs after crafted changes to FTS3 shadow tables, allowing remote attackers to execute arbitrary code by leveraging the ability to run arbitrary SQL statements (such as in certain WebSQL use cases). This is a different vulnerability than CVE-2018-20346.</system-out><system-err>location: /src/OWASP-10-A03-Injection-II/InsecureDataLayerImplementation/owasp10.A03.data.access/owasp10.A03.data.access.csproj, project-references: [  ]</system-err></testcase><testcase classname="CVE-2015-3414" name="pkg:nuget/sqlite-net-pcl@1.9.172"><failure message="cvssV2: HIGH, score: 7.5 (/AV:N/AC:L/Au:N/C:P/I:P/A:P)"/><system-out>SQLite before 3.8.9 does not properly implement the dequoting of collation-sequence names, which allows context-dependent attackers to cause a denial of service (uninitialized memory access and application crash) or possibly have unspecified other impact via a crafted COLLATE clause, as demonstrated by COLLATE&quot;&quot;&quot;&quot;&quot;&quot;&quot;&quot; at the end of a SELECT statement.</system-out><system-err>location: /src/OWASP-10-A03-Injection-II/InsecureDataLayerImplementation/owasp10.A03.data.access/owasp10.A03.data.access.csproj, project-references: [  ]</system-err></testcase><testcase classname="CVE-2015-3415" name="pkg:nuget/sqlite-net-pcl@1.9.172"><failure message="cvssV2: HIGH, score: 7.5 (/AV:N/AC:L/Au:N/C:P/I:P/A:P)"/><system-out>The sqlite3VdbeExec function in vdbe.c in SQLite before 3.8.9 does not properly implement comparison operators, which allows context-dependent attackers to cause a denial of service (invalid free operation) or possibly have unspecified other impact via a crafted CHECK clause, as demonstrated by CHECK(0&amp;O&gt;O) in a CREATE TABLE statement.</system-out><system-err>location: /src/OWASP-10-A03-Injection-II/InsecureDataLayerImplementation/owasp10.A03.data.access/owasp10.A03.data.access.csproj, project-references: [  ]</system-err></testcase><testcase classname="CVE-2015-3416" name="pkg:nuget/sqlite-net-pcl@1.9.172"><failure message="cvssV2: HIGH, score: 7.5 (/AV:N/AC:L/Au:N/C:P/I:P/A:P)"/><system-out>The sqlite3VXPrintf function in printf.c in SQLite before 3.8.9 does not properly handle precision and width values during floating-point conversions, which allows context-dependent attackers to cause a denial of service (integer overflow and stack-based buffer overflow) or possibly have unspecified other impact via large integers in a crafted printf function call in a SELECT statement.</system-out><system-err>location: /src/OWASP-10-A03-Injection-II/InsecureDataLayerImplementation/owasp10.A03.data.access/owasp10.A03.data.access.csproj, project-references: [  ]</system-err></testcase><testcase classname="CVE-2015-3717" name="pkg:nuget/sqlite-net-pcl@1.9.172"><failure message="cvssV2: HIGH, score: 7.5 (/AV:N/AC:L/Au:N/C:P/I:P/A:P)"/><system-out>Multiple buffer overflows in the printf functionality in SQLite, as used in Apple iOS before 8.4 and OS X before 10.10.4, allow remote attackers to execute arbitrary code or cause a denial of service (application crash) via unspecified vectors.</system-out><system-err>location: /src/OWASP-10-A03-Injection-II/InsecureDataLayerImplementation/owasp10.A03.data.access/owasp10.A03.data.access.csproj, project-references: [  ]</system-err></testcase><testcase classname="CVE-2018-20505" name="pkg:nuget/sqlite-net-pcl@1.9.172"><failure message="cvssV3: HIGH, score: 7.5 (CVSS:3.0/AV:N/AC:L/PR:N/UI:N/S:U/C:N/I:N/A:H/E:3.9/RC:R/MAV:A)"/><system-out>SQLite 3.25.2, when queries are run on a table with a malformed PRIMARY KEY, allows remote attackers to cause a denial of service (application crash) by leveraging the ability to run arbitrary SQL statements (such as in certain WebSQL use cases).</system-out><system-err>location: /src/OWASP-10-A03-Injection-II/InsecureDataLayerImplementation/owasp10.A03.data.access/owasp10.A03.data.access.csproj, project-references: [  ]</system-err></testcase><testcase classname="CVE-2018-8740" name="pkg:nuget/sqlite-net-pcl@1.9.172"><failure message="cvssV3: HIGH, score: 7.5 (CVSS:3.0/AV:N/AC:L/PR:N/UI:N/S:U/C:N/I:N/A:H/E:3.9/RC:R/MAV:A)"/><system-out>In SQLite through 3.22.0, databases whose schema is corrupted using a CREATE TABLE AS statement could cause a NULL pointer dereference, related to build.c and prepare.c.</system-out><system-err>location: /src/OWASP-10-A03-Injection-II/InsecureDataLayerImplementation/owasp10.A03.data.access/owasp10.A03.data.access.csproj, project-references: [  ]</system-err></testcase><testcase classname="CVE-2020-11655" name="pkg:nuget/sqlite-net-pcl@1.9.172"><failure message="cvssV3: HIGH, score: 7.5 (CVSS:3.1/AV:N/AC:L/PR:N/UI:N/S:U/C:N/I:N/A:H/E:3.9/RC:R/MAV:A)"/><system-out>SQLite through 3.31.1 allows attackers to cause a denial of service (segmentation fault) via a malformed window-function query because the AggInfo object&apos;s initialization is mishandled.</system-out><system-err>location: /src/OWASP-10-A03-Injection-II/InsecureDataLayerImplementation/owasp10.A03.data.access/owasp10.A03.data.access.csproj, project-references: [  ]</system-err></testcase><testcase classname="CVE-2022-35737" name="pkg:nuget/sqlite-net-pcl@1.9.172"><failure message="cvssV3: HIGH, score: 7.5 (CVSS:3.1/AV:N/AC:L/PR:N/UI:N/S:U/C:N/I:N/A:H/E:3.9/RC:R/MAV:A)"/><system-out>SQLite 1.0.12 through 3.39.x before 3.39.2 sometimes allows an array-bounds overflow if billions of bytes are used in a string argument to a C API.</system-out><system-err>location: /src/OWASP-10-A03-Injection-II/InsecureDataLayerImplementation/owasp10.A03.data.access/owasp10.A03.data.access.csproj, project-references: [  ]</system-err></testcase><testcase classname="CVE-2023-7104" name="pkg:nuget/sqlite-net-pcl@1.9.172"><failure message="cvssV3: HIGH, score: 7.3 (CVSS:3.1/AV:N/AC:L/PR:N/UI:N/S:U/C:L/I:L/A:L/E:3.9/RC:R/MAV:A)"/><system-out>A vulnerability was found in SQLite SQLite3 up to 3.43.0 and classified as critical. This issue affects the function sessionReadRecord of the file ext/session/sqlite3session.c of the component make alltest Handler. The manipulation leads to heap-based buffer overflow. It is recommended to apply a patch to fix this issue. The associated identifier of this vulnerability is VDB-248999.</system-out><system-err>location: /src/OWASP-10-A03-Injection-II/InsecureDataLayerImplementation/owasp10.A03.data.access/owasp10.A03.data.access.csproj, project-references: [  ]</system-err></testcase><testcase classname="CVE-2025-6965" name="pkg:nuget/sqlite-net-pcl@1.9.172"><failure message="cvssV4: HIGH, score: 7.2 (CVSS:4.0/AV:N/AC:H/AT:P/PR:L/UI:N/VC:L/VI:H/VA:L/SC:L/SI:H/SA:L/E:X/CR:X/IR:X/AR:X/MAV:X/MAC:X/MAT:X/MPR:X/MUI:X/MVC:X/MVI:X/MVA:X/MSC:X/MSI:X/MSA:X/S:N/AU:N/R:U/V:D/RE:L/U:Green)"/><system-out>There exists a vulnerability in SQLite versions before 3.50.2 where the number of aggregate terms could exceed the number of columns available. This could lead to a memory corruption issue. We recommend upgrading to version 3.50.2 or above.</system-out><system-err>location: /src/OWASP-10-A03-Injection-II/InsecureDataLayerImplementation/owasp10.A03.data.access/owasp10.A03.data.access.csproj, project-references: [  ]</system-err></testcase><testcase classname="CVE-2020-13630" name="pkg:nuget/sqlite-net-pcl@1.9.172"><failure message="cvssV3: HIGH, score: 7.0 (CVSS:3.1/AV:L/AC:H/PR:L/UI:N/S:U/C:H/I:H/A:H/E:1.0/RC:R/MAV:A)"/><system-out>ext/fts3/fts3.c in SQLite before 3.32.0 has a use-after-free in fts3EvalNextRow, related to the snippet feature.</system-out><system-err>location: /src/OWASP-10-A03-Injection-II/InsecureDataLayerImplementation/owasp10.A03.data.access/owasp10.A03.data.access.csproj, project-references: [  ]</system-err></testcase><testcase classname="CVE-2015-6607" name="pkg:nuget/sqlite-net-pcl@1.9.172"><failure message="cvssV2: MEDIUM, score: 6.8 (/AV:N/AC:M/Au:N/C:P/I:P/A:P)"/><system-out>SQLite before 3.8.9, as used in Android before 5.1.1 LMY48T, allows attackers to gain privileges via a crafted application, aka internal bug 20099586.</system-out><system-err>location: /src/OWASP-10-A03-Injection-II/InsecureDataLayerImplementation/owasp10.A03.data.access/owasp10.A03.data.access.csproj, project-references: [  ]</system-err></testcase><testcase classname="CVE-2016-6153" name="pkg:nuget/sqlite-net-pcl@1.9.172"><failure message="cvssV3: MEDIUM, score: 5.9 (CVSS:3.0/AV:L/AC:L/PR:N/UI:N/S:U/C:L/I:L/A:L/E:2.5/RC:R/MAV:A)"/><system-out>os_unix.c in SQLite before 3.13.0 improperly implements the temporary directory search algorithm, which might allow local users to obtain sensitive information, cause a denial of service (application crash), or have unspecified other impact by leveraging use of the current working directory for temporary files.</system-out><system-err>location: /src/OWASP-10-A03-Injection-II/InsecureDataLayerImplementation/owasp10.A03.data.access/owasp10.A03.data.access.csproj, project-references: [  ]</system-err></testcase><testcase classname="CVE-2019-19645" name="pkg:nuget/sqlite-net-pcl@1.9.172"><failure message="cvssV3: MEDIUM, score: 5.5 (CVSS:3.1/AV:L/AC:L/PR:L/UI:N/S:U/C:N/I:N/A:H/E:1.8/RC:R/MAV:A)"/><system-out>alter.c in SQLite through 3.30.1 allows attackers to trigger infinite recursion via certain types of self-referential views in conjunction with ALTER TABLE statements.</system-out><system-err>location: /src/OWASP-10-A03-Injection-II/InsecureDataLayerImplementation/owasp10.A03.data.access/owasp10.A03.data.access.csproj, project-references: [  ]</system-err></testcase><testcase classname="CVE-2020-13434" name="pkg:nuget/sqlite-net-pcl@1.9.172"><failure message="cvssV3: MEDIUM, score: 5.5 (CVSS:3.1/AV:L/AC:L/PR:L/UI:N/S:U/C:N/I:N/A:H/E:1.8/RC:R/MAV:A)"/><system-out>SQLite through 3.32.0 has an integer overflow in sqlite3_str_vappendf in printf.c.</system-out><system-err>location: /src/OWASP-10-A03-Injection-II/InsecureDataLayerImplementation/owasp10.A03.data.access/owasp10.A03.data.access.csproj, project-references: [  ]</system-err></testcase><testcase classname="CVE-2020-13435" name="pkg:nuget/sqlite-net-pcl@1.9.172"><failure message="cvssV3: MEDIUM, score: 5.5 (CVSS:3.1/AV:L/AC:L/PR:L/UI:N/S:U/C:N/I:N/A:H/E:1.8/RC:R/MAV:A)"/><system-out>SQLite through 3.32.0 has a segmentation fault in sqlite3ExprCodeTarget in expr.c.</system-out><system-err>location: /src/OWASP-10-A03-Injection-II/InsecureDataLayerImplementation/owasp10.A03.data.access/owasp10.A03.data.access.csproj, project-references: [  ]</system-err></testcase><testcase classname="CVE-2020-13631" name="pkg:nuget/sqlite-net-pcl@1.9.172"><failure message="cvssV3: MEDIUM, score: 5.5 (CVSS:3.1/AV:L/AC:L/PR:L/UI:N/S:U/C:N/I:H/A:N/E:1.8/RC:R/MAV:A)"/><system-out>SQLite before 3.32.0 allows a virtual table to be renamed to the name of one of its shadow tables, related to alter.c and build.c.</system-out><system-err>location: /src/OWASP-10-A03-Injection-II/InsecureDataLayerImplementation/owasp10.A03.data.access/owasp10.A03.data.access.csproj, project-references: [  ]</system-err></testcase><testcase classname="CVE-2020-13632" name="pkg:nuget/sqlite-net-pcl@1.9.172"><failure message="cvssV3: MEDIUM, score: 5.5 (CVSS:3.1/AV:L/AC:L/PR:L/UI:N/S:U/C:N/I:N/A:H/E:1.8/RC:R/MAV:A)"/><system-out>ext/fts3/fts3_snippet.c in SQLite before 3.32.0 has a NULL pointer dereference via a crafted matchinfo() query.</system-out><system-err>location: /src/OWASP-10-A03-Injection-II/InsecureDataLayerImplementation/owasp10.A03.data.access/owasp10.A03.data.access.csproj, project-references: [  ]</system-err></testcase><testcase classname="CVE-2020-15358" name="pkg:nuget/sqlite-net-pcl@1.9.172"><failure message="cvssV3: MEDIUM, score: 5.5 (CVSS:3.1/AV:L/AC:L/PR:L/UI:N/S:U/C:N/I:N/A:H/E:1.8/RC:R/MAV:A)"/><system-out>In SQLite before 3.32.3, select.c mishandles query-flattener optimization, leading to a multiSelectOrderBy heap overflow because of misuse of transitive properties for constant propagation.</system-out><system-err>location: /src/OWASP-10-A03-Injection-II/InsecureDataLayerImplementation/owasp10.A03.data.access/owasp10.A03.data.access.csproj, project-references: [  ]</system-err></testcase></testsuite></testsuites>